Build started 25/01/2019 20:56:29.
     1>Project "E:\Tugas Kuliah\Grafika Komputer\Proyek Capung\Proyek_Capung\Grafkom\Grafkom\Grafkom.vcxproj" on node 2 (build target(s)).
     1>InitializeBuildStatus:
         Creating "Debug\Grafkom.unsuccessfulbuild" because "AlwaysCreate" was specified.
       ClCompile:
         C:\Program Files (x86)\Microsoft Visual Studio 10.0\VC\bin\CL.exe /c /ZI /nologo /W3 /WX- /Od /Oy- /D WIN32 /D _DEBUG /D _CONSOLE /D _UNICODE /D UNICODE /Gm /EHsc /RTC1 /MDd /GS /fp:precise /Zc:wchar_t /Zc:forScope /Fo"Debug\\" /Fd"Debug\vc100.pdb" /Gd /TP /analyze- /errorReport:prompt Belajar.cpp
         Belajar.cpp
       ManifestResourceCompile:
         C:\Program Files (x86)\Microsoft SDKs\Windows\v7.0A\bin\rc.exe /nologo /fo"Debug\Grafkom.exe.embed.manifest.res" Debug\Grafkom_manifest.rc 
       Link:
         C:\Program Files (x86)\Microsoft Visual Studio 10.0\VC\bin\link.exe /ERRORREPORT:PROMPT /OUT:"E:\Tugas Kuliah\Grafika Komputer\Proyek Capung\Proyek_Capung\Grafkom\Grafkom\Debug\Grafkom.exe" /INCREMENTAL /NOLOGO kernel32.lib user32.lib gdi32.lib winspool.lib comdlg32.lib advapi32.lib shell32.lib ole32.lib oleaut32.lib uuid.lib odbc32.lib odbccp32.lib /MANIFEST /ManifestFile:"Debug\Grafkom.exe.intermediate.manifest" /MANIFESTUAC:"level='asInvoker' uiAccess='false'" /DEBUG /PDB:"E:\Tugas Kuliah\Grafika Komputer\Proyek Capung\Proyek_Capung\Grafkom\Grafkom\Debug\Grafkom.pdb" /SUBSYSTEM:CONSOLE /TLBID:1 /DYNAMICBASE /NXCOMPAT /IMPLIB:"E:\Tugas Kuliah\Grafika Komputer\Proyek Capung\Proyek_Capung\Grafkom\Grafkom\Debug\Grafkom.lib" /MACHINE:X86 Debug\Grafkom.exe.embed.manifest.res
         Debug\Belajar.obj
       Manifest:
         C:\Program Files (x86)\Microsoft SDKs\Windows\v7.0A\bin\mt.exe /nologo /verbose /out:"Debug\Grafkom.exe.embed.manifest" /manifest Debug\Grafkom.exe.intermediate.manifest
         C:\Program Files (x86)\Microsoft SDKs\Windows\v7.0A\bin\rc.exe /nologo /fo"Debug\Grafkom.exe.embed.manifest.res" Debug\Grafkom_manifest.rc 
       LinkEmbedManifest:
         C:\Program Files (x86)\Microsoft Visual Studio 10.0\VC\bin\link.exe /ERRORREPORT:PROMPT /OUT:"E:\Tugas Kuliah\Grafika Komputer\Proyek Capung\Proyek_Capung\Grafkom\Grafkom\Debug\Grafkom.exe" /INCREMENTAL /NOLOGO kernel32.lib user32.lib gdi32.lib winspool.lib comdlg32.lib advapi32.lib shell32.lib ole32.lib oleaut32.lib uuid.lib odbc32.lib odbccp32.lib /MANIFEST /ManifestFile:"Debug\Grafkom.exe.intermediate.manifest" /MANIFESTUAC:"level='asInvoker' uiAccess='false'" /DEBUG /PDB:"E:\Tugas Kuliah\Grafika Komputer\Proyek Capung\Proyek_Capung\Grafkom\Grafkom\Debug\Grafkom.pdb" /SUBSYSTEM:CONSOLE /TLBID:1 /DYNAMICBASE /NXCOMPAT /IMPLIB:"E:\Tugas Kuliah\Grafika Komputer\Proyek Capung\Proyek_Capung\Grafkom\Grafkom\Debug\Grafkom.lib" /MACHINE:X86 Debug\Grafkom.exe.embed.manifest.res
         Debug\Belajar.obj
         Grafkom.vcxproj -> E:\Tugas Kuliah\Grafika Komputer\Proyek Capung\Proyek_Capung\Grafkom\Grafkom\Debug\Grafkom.exe
       FinalizeBuildStatus:
         Deleting file "Debug\Grafkom.unsuccessfulbuild".
         Touching "Debug\Grafkom.lastbuildstate".
     1>Done Building Project "E:\Tugas Kuliah\Grafika Komputer\Proyek Capung\Proyek_Capung\Grafkom\Grafkom\Grafkom.vcxproj" (build target(s)).

Build succeeded.

Time Elapsed 00:00:07.72
